<?xml version="1.0" encoding="UTF-8"?>
<testng-results ignored="6" total="8" passed="2" failed="0" skipped="0">
  <reporter-output>
  </reporter-output>
  <suite started-at="2025-12-05T14:55:10 IST" name="Default suite" finished-at="2025-12-05T14:55:16 IST" duration-ms="6447">
    <groups>
      <group name="cucumber">
        <method signature="AbstractTestNGCucumberTests.runScenario(io.cucumber.testng.PickleWrapper, io.cucumber.testng.FeatureWrapper)[pri:0, instance:testRunner@33bc72d1]" name="runScenario" class="io.cucumber.testng.AbstractTestNGCucumberTests"/>
      </group> <!-- cucumber -->
    </groups>
    <test started-at="2025-12-05T14:55:10 IST" name="Default test" finished-at="2025-12-05T14:55:16 IST" duration-ms="6447">
      <class name="testRunner">
        <test-method is-config="true" signature="setUpClass()[pri:0, instance:testRunner@33bc72d1]" started-at="2025-12-05T14:55:10 IST" name="setUpClass" finished-at="2025-12-05T14:55:10 IST" duration-ms="457" status="PASS">
          <reporter-output>
          </reporter-output>
        </test-method> <!-- setUpClass -->
        <test-method signature="runScenario(io.cucumber.testng.PickleWrapper, io.cucumber.testng.FeatureWrapper)[pri:0, instance:testRunner@33bc72d1]" started-at="2025-12-05T14:55:10 IST" name="runScenario" description="Runs Cucumber Scenarios" data-provider="scenarios" finished-at="2025-12-05T14:55:13 IST" duration-ms="3233" status="PASS">
          <params>
            <param index="0">
              <value>
                <![CDATA["User enters into the Store"]]>
              </value>
            </param>
            <param index="1">
              <value>
                <![CDATA["Optional[Open the Store]"]]>
              </value>
            </param>
          </params>
          <reporter-output>
          </reporter-output>
        </test-method> <!-- runScenario -->
        <test-method signature="runScenario(io.cucumber.testng.PickleWrapper, io.cucumber.testng.FeatureWrapper)[pri:0, instance:testRunner@33bc72d1]" started-at="2025-12-05T14:55:13 IST" name="runScenario" description="Runs Cucumber Scenarios" data-provider="scenarios" finished-at="2025-12-05T14:55:16 IST" duration-ms="2652" status="PASS">
          <params>
            <param index="0">
              <value>
                <![CDATA["User enters into the Login page"]]>
              </value>
            </param>
            <param index="1">
              <value>
                <![CDATA["Optional[Open the Store]"]]>
              </value>
            </param>
          </params>
          <reporter-output>
          </reporter-output>
        </test-method> <!-- runScenario -->
        <test-method is-config="true" signature="tearDownClass()[pri:0, instance:testRunner@33bc72d1]" started-at="2025-12-05T14:55:16 IST" name="tearDownClass" finished-at="2025-12-05T14:55:16 IST" duration-ms="53" status="PASS">
          <reporter-output>
          </reporter-output>
        </test-method> <!-- tearDownClass -->
      </class> <!-- testRunner -->
      <class name="utility.reportGenerator">
        <test-method is-config="true" signature="beforeSuite()[pri:0, instance:utility.reportGenerator@273444fe]" started-at="2025-12-05T14:55:09 IST" name="beforeSuite" finished-at="2025-12-05T14:55:10 IST" duration-ms="140" status="PASS">
          <reporter-output>
          </reporter-output>
        </test-method> <!-- beforeSuite -->
        <test-method is-config="true" signature="afterSuite()[pri:0, instance:utility.reportGenerator@273444fe]" started-at="2025-12-05T14:55:16 IST" name="afterSuite" finished-at="2025-12-05T14:55:16 IST" duration-ms="217" status="PASS">
          <reporter-output>
          </reporter-output>
        </test-method> <!-- afterSuite -->
      </class> <!-- utility.reportGenerator -->
    </test> <!-- Default test -->
  </suite> <!-- Default suite -->
</testng-results>
