<?xml version="1.0" encoding="UTF-8"?>
<!-- Generated by org.testng.reporters.JUnitReportReporter -->
<testsuite hostname="b4003863bca3550" failures="0" tests="4" name="testRunner" time="26.806" errors="0" timestamp="2025-12-05T15:55:48 IST" skipped="0">
  <testcase classname="testRunner" name="runScenario" time="3.335"/>
  <system-out/>
  <testcase classname="testRunner" name="runScenario" time="2.790"/>
  <system-out/>
  <testcase classname="testRunner" name="runScenario" time="18.002"/>
  <system-out/>
  <testcase classname="testRunner" name="runScenario" time="2.679"/>
  <system-out/>
</testsuite> <!-- testRunner -->
